2024-01-30 16:53:39.2547|INFO|Microsoft.AspNetCore.Mvc.Infrastructure.ControllerActionInvoker|Route matched with {action = "Process", controller = "Home"}. Executing controller action with signature Microsoft.AspNetCore.Mvc.IActionResult Process() on controller NLogExampleProject.Controllers.HomeController (NLogExampleProject).
2024-01-30 16:53:39.2547|DEBUG|Microsoft.AspNetCore.Mvc.Infrastructure.ControllerActionInvoker|Execution plan of authorization filters (in the following order): None
2024-01-30 16:53:39.2593|DEBUG|Microsoft.AspNetCore.Mvc.Infrastructure.ControllerActionInvoker|Execution plan of resource filters (in the following order): Microsoft.AspNetCore.Mvc.ViewFeatures.Filters.SaveTempDataFilter
2024-01-30 16:53:39.2593|DEBUG|Microsoft.AspNetCore.Mvc.Infrastructure.ControllerActionInvoker|Execution plan of action filters (in the following order): Microsoft.AspNetCore.Mvc.Filters.ControllerActionFilter (Order: -2147483648), Microsoft.AspNetCore.Mvc.ModelBinding.UnsupportedContentTypeFilter (Order: -3000)
2024-01-30 16:53:39.2593|DEBUG|Microsoft.AspNetCore.Mvc.Infrastructure.ControllerActionInvoker|Execution plan of exception filters (in the following order): None
2024-01-30 16:53:39.2593|DEBUG|Microsoft.AspNetCore.Mvc.Infrastructure.ControllerActionInvoker|Execution plan of result filters (in the following order): Microsoft.AspNetCore.Mvc.ViewFeatures.Filters.SaveTempDataFilter
2024-01-30 16:53:39.2593|DEBUG|Microsoft.AspNetCore.Mvc.Infrastructure.ControllerActionInvoker|Executing controller factory for controller NLogExampleProject.Controllers.HomeController (NLogExampleProject)
2024-01-30 16:53:39.2593|DEBUG|Microsoft.AspNetCore.Mvc.Infrastructure.ControllerActionInvoker|Executed controller factory for controller NLogExampleProject.Controllers.HomeController (NLogExampleProject)
2024-01-30 16:53:39.6508|INFO|Microsoft.AspNetCore.Mvc.Infrastructure.ControllerActionInvoker|Executed action NLogExampleProject.Controllers.HomeController.Process (NLogExampleProject) in 387.9392ms
2024-01-30 16:54:31.9522|INFO|Microsoft.AspNetCore.Mvc.Infrastructure.ControllerActionInvoker|Route matched with {action = "Process", controller = "Home"}. Executing controller action with signature Microsoft.AspNetCore.Mvc.IActionResult Process() on controller NLogExampleProject.Controllers.HomeController (NLogExampleProject).
2024-01-30 16:54:31.9522|DEBUG|Microsoft.AspNetCore.Mvc.Infrastructure.ControllerActionInvoker|Execution plan of authorization filters (in the following order): None
2024-01-30 16:54:31.9522|DEBUG|Microsoft.AspNetCore.Mvc.Infrastructure.ControllerActionInvoker|Execution plan of resource filters (in the following order): Microsoft.AspNetCore.Mvc.ViewFeatures.Filters.SaveTempDataFilter
2024-01-30 16:54:31.9522|DEBUG|Microsoft.AspNetCore.Mvc.Infrastructure.ControllerActionInvoker|Execution plan of action filters (in the following order): Microsoft.AspNetCore.Mvc.Filters.ControllerActionFilter (Order: -2147483648), Microsoft.AspNetCore.Mvc.ModelBinding.UnsupportedContentTypeFilter (Order: -3000)
2024-01-30 16:54:31.9522|DEBUG|Microsoft.AspNetCore.Mvc.Infrastructure.ControllerActionInvoker|Execution plan of exception filters (in the following order): None
2024-01-30 16:54:31.9522|DEBUG|Microsoft.AspNetCore.Mvc.Infrastructure.ControllerActionInvoker|Execution plan of result filters (in the following order): Microsoft.AspNetCore.Mvc.ViewFeatures.Filters.SaveTempDataFilter
2024-01-30 16:54:31.9522|DEBUG|Microsoft.AspNetCore.Mvc.Infrastructure.ControllerActionInvoker|Executing controller factory for controller NLogExampleProject.Controllers.HomeController (NLogExampleProject)
2024-01-30 16:54:31.9522|DEBUG|Microsoft.AspNetCore.Mvc.Infrastructure.ControllerActionInvoker|Executed controller factory for controller NLogExampleProject.Controllers.HomeController (NLogExampleProject)
2024-01-30 16:59:32.1438|INFO|Microsoft.AspNetCore.Mvc.Infrastructure.ControllerActionInvoker|Route matched with {action = "Process", controller = "Home"}. Executing controller action with signature Microsoft.AspNetCore.Mvc.IActionResult Process() on controller NLogExampleProject.Controllers.HomeController (NLogExampleProject).
2024-01-30 16:59:32.1539|DEBUG|Microsoft.AspNetCore.Mvc.Infrastructure.ControllerActionInvoker|Execution plan of authorization filters (in the following order): None
2024-01-30 16:59:32.1539|DEBUG|Microsoft.AspNetCore.Mvc.Infrastructure.ControllerActionInvoker|Execution plan of resource filters (in the following order): Microsoft.AspNetCore.Mvc.ViewFeatures.Filters.SaveTempDataFilter
2024-01-30 16:59:32.1539|DEBUG|Microsoft.AspNetCore.Mvc.Infrastructure.ControllerActionInvoker|Execution plan of action filters (in the following order): Microsoft.AspNetCore.Mvc.Filters.ControllerActionFilter (Order: -2147483648), Microsoft.AspNetCore.Mvc.ModelBinding.UnsupportedContentTypeFilter (Order: -3000)
2024-01-30 16:59:32.1539|DEBUG|Microsoft.AspNetCore.Mvc.Infrastructure.ControllerActionInvoker|Execution plan of exception filters (in the following order): None
2024-01-30 16:59:32.1539|DEBUG|Microsoft.AspNetCore.Mvc.Infrastructure.ControllerActionInvoker|Execution plan of result filters (in the following order): Microsoft.AspNetCore.Mvc.ViewFeatures.Filters.SaveTempDataFilter
2024-01-30 16:59:32.1539|DEBUG|Microsoft.AspNetCore.Mvc.Infrastructure.ControllerActionInvoker|Executing controller factory for controller NLogExampleProject.Controllers.HomeController (NLogExampleProject)
2024-01-30 16:59:32.1539|DEBUG|Microsoft.AspNetCore.Mvc.Infrastructure.ControllerActionInvoker|Executed controller factory for controller NLogExampleProject.Controllers.HomeController (NLogExampleProject)
2024-01-30 16:59:32.5248|INFO|Microsoft.AspNetCore.Mvc.Infrastructure.ControllerActionInvoker|Executed action NLogExampleProject.Controllers.HomeController.Process (NLogExampleProject) in 369.9175ms
2024-01-30 17:05:58.0562|INFO|Microsoft.AspNetCore.Mvc.Infrastructure.ControllerActionInvoker|Route matched with {action = "Process", controller = "Home"}. Executing controller action with signature Microsoft.AspNetCore.Mvc.IActionResult Process() on controller NLogExampleProject.Controllers.HomeController (NLogExampleProject).
2024-01-30 17:05:58.0562|DEBUG|Microsoft.AspNetCore.Mvc.Infrastructure.ControllerActionInvoker|Execution plan of authorization filters (in the following order): None
2024-01-30 17:05:58.0562|DEBUG|Microsoft.AspNetCore.Mvc.Infrastructure.ControllerActionInvoker|Execution plan of resource filters (in the following order): Microsoft.AspNetCore.Mvc.ViewFeatures.Filters.SaveTempDataFilter
2024-01-30 17:05:58.0562|DEBUG|Microsoft.AspNetCore.Mvc.Infrastructure.ControllerActionInvoker|Execution plan of action filters (in the following order): Microsoft.AspNetCore.Mvc.Filters.ControllerActionFilter (Order: -2147483648), Microsoft.AspNetCore.Mvc.ModelBinding.UnsupportedContentTypeFilter (Order: -3000)
2024-01-30 17:05:58.0562|DEBUG|Microsoft.AspNetCore.Mvc.Infrastructure.ControllerActionInvoker|Execution plan of exception filters (in the following order): None
2024-01-30 17:05:58.0562|DEBUG|Microsoft.AspNetCore.Mvc.Infrastructure.ControllerActionInvoker|Execution plan of result filters (in the following order): Microsoft.AspNetCore.Mvc.ViewFeatures.Filters.SaveTempDataFilter
2024-01-30 17:05:58.0562|DEBUG|Microsoft.AspNetCore.Mvc.Infrastructure.ControllerActionInvoker|Executing controller factory for controller NLogExampleProject.Controllers.HomeController (NLogExampleProject)
2024-01-30 17:05:58.0562|DEBUG|Microsoft.AspNetCore.Mvc.Infrastructure.ControllerActionInvoker|Executed controller factory for controller NLogExampleProject.Controllers.HomeController (NLogExampleProject)
2024-01-30 17:05:58.5262|INFO|Microsoft.AspNetCore.Mvc.Infrastructure.ControllerActionInvoker|Executed action NLogExampleProject.Controllers.HomeController.Process (NLogExampleProject) in 464.7237ms
2024-01-30 17:07:41.7428|INFO|Microsoft.AspNetCore.Mvc.Infrastructure.ControllerActionInvoker|Route matched with {action = "Process", controller = "Home"}. Executing controller action with signature Microsoft.AspNetCore.Mvc.IActionResult Process() on controller NLogExampleProject.Controllers.HomeController (NLogExampleProject).
2024-01-30 17:07:41.7428|DEBUG|Microsoft.AspNetCore.Mvc.Infrastructure.ControllerActionInvoker|Execution plan of authorization filters (in the following order): None
2024-01-30 17:07:41.7428|DEBUG|Microsoft.AspNetCore.Mvc.Infrastructure.ControllerActionInvoker|Execution plan of resource filters (in the following order): Microsoft.AspNetCore.Mvc.ViewFeatures.Filters.SaveTempDataFilter
2024-01-30 17:07:41.7428|DEBUG|Microsoft.AspNetCore.Mvc.Infrastructure.ControllerActionInvoker|Execution plan of action filters (in the following order): Microsoft.AspNetCore.Mvc.Filters.ControllerActionFilter (Order: -2147483648), Microsoft.AspNetCore.Mvc.ModelBinding.UnsupportedContentTypeFilter (Order: -3000)
2024-01-30 17:07:41.7428|DEBUG|Microsoft.AspNetCore.Mvc.Infrastructure.ControllerActionInvoker|Execution plan of exception filters (in the following order): None
2024-01-30 17:07:41.7428|DEBUG|Microsoft.AspNetCore.Mvc.Infrastructure.ControllerActionInvoker|Execution plan of result filters (in the following order): Microsoft.AspNetCore.Mvc.ViewFeatures.Filters.SaveTempDataFilter
2024-01-30 17:07:41.7428|DEBUG|Microsoft.AspNetCore.Mvc.Infrastructure.ControllerActionInvoker|Executing controller factory for controller NLogExampleProject.Controllers.HomeController (NLogExampleProject)
2024-01-30 17:07:41.7428|DEBUG|Microsoft.AspNetCore.Mvc.Infrastructure.ControllerActionInvoker|Executed controller factory for controller NLogExampleProject.Controllers.HomeController (NLogExampleProject)
2024-01-30 17:07:41.9382|INFO|Microsoft.AspNetCore.Mvc.Infrastructure.ControllerActionInvoker|Executed action NLogExampleProject.Controllers.HomeController.Process (NLogExampleProject) in 195.4299ms
2024-01-30 17:08:24.7336|INFO|Microsoft.AspNetCore.Mvc.Infrastructure.ControllerActionInvoker|Route matched with {action = "Process", controller = "Home"}. Executing controller action with signature Microsoft.AspNetCore.Mvc.IActionResult Process() on controller NLogExampleProject.Controllers.HomeController (NLogExampleProject).
2024-01-30 17:08:24.7336|DEBUG|Microsoft.AspNetCore.Mvc.Infrastructure.ControllerActionInvoker|Execution plan of authorization filters (in the following order): None
2024-01-30 17:08:24.7336|DEBUG|Microsoft.AspNetCore.Mvc.Infrastructure.ControllerActionInvoker|Execution plan of resource filters (in the following order): Microsoft.AspNetCore.Mvc.ViewFeatures.Filters.SaveTempDataFilter
2024-01-30 17:08:24.7336|DEBUG|Microsoft.AspNetCore.Mvc.Infrastructure.ControllerActionInvoker|Execution plan of action filters (in the following order): Microsoft.AspNetCore.Mvc.Filters.ControllerActionFilter (Order: -2147483648), Microsoft.AspNetCore.Mvc.ModelBinding.UnsupportedContentTypeFilter (Order: -3000)
2024-01-30 17:08:24.7336|DEBUG|Microsoft.AspNetCore.Mvc.Infrastructure.ControllerActionInvoker|Execution plan of exception filters (in the following order): None
2024-01-30 17:08:24.7336|DEBUG|Microsoft.AspNetCore.Mvc.Infrastructure.ControllerActionInvoker|Execution plan of result filters (in the following order): Microsoft.AspNetCore.Mvc.ViewFeatures.Filters.SaveTempDataFilter
2024-01-30 17:08:24.7336|DEBUG|Microsoft.AspNetCore.Mvc.Infrastructure.ControllerActionInvoker|Executing controller factory for controller NLogExampleProject.Controllers.HomeController (NLogExampleProject)
2024-01-30 17:08:24.7532|DEBUG|Microsoft.AspNetCore.Mvc.Infrastructure.ControllerActionInvoker|Executed controller factory for controller NLogExampleProject.Controllers.HomeController (NLogExampleProject)
2024-01-30 17:08:25.2806|INFO|Microsoft.AspNetCore.Mvc.Infrastructure.ControllerActionInvoker|Executed action NLogExampleProject.Controllers.HomeController.Process (NLogExampleProject) in 542.2086ms
2024-01-30 17:18:00.7191|INFO|Microsoft.AspNetCore.Mvc.Infrastructure.ControllerActionInvoker|Route matched with {action = "Process", controller = "Home"}. Executing controller action with signature Microsoft.AspNetCore.Mvc.IActionResult Process() on controller NLogExampleProject.Controllers.HomeController (NLogExampleProject).
2024-01-30 17:18:00.7191|DEBUG|Microsoft.AspNetCore.Mvc.Infrastructure.ControllerActionInvoker|Execution plan of authorization filters (in the following order): None
2024-01-30 17:18:00.7191|DEBUG|Microsoft.AspNetCore.Mvc.Infrastructure.ControllerActionInvoker|Execution plan of resource filters (in the following order): Microsoft.AspNetCore.Mvc.ViewFeatures.Filters.SaveTempDataFilter
2024-01-30 17:18:00.7191|DEBUG|Microsoft.AspNetCore.Mvc.Infrastructure.ControllerActionInvoker|Execution plan of action filters (in the following order): Microsoft.AspNetCore.Mvc.Filters.ControllerActionFilter (Order: -2147483648), Microsoft.AspNetCore.Mvc.ModelBinding.UnsupportedContentTypeFilter (Order: -3000)
2024-01-30 17:18:00.7191|DEBUG|Microsoft.AspNetCore.Mvc.Infrastructure.ControllerActionInvoker|Execution plan of exception filters (in the following order): None
2024-01-30 17:18:00.7191|DEBUG|Microsoft.AspNetCore.Mvc.Infrastructure.ControllerActionInvoker|Execution plan of result filters (in the following order): Microsoft.AspNetCore.Mvc.ViewFeatures.Filters.SaveTempDataFilter
2024-01-30 17:18:00.7191|DEBUG|Microsoft.AspNetCore.Mvc.Infrastructure.ControllerActionInvoker|Executing controller factory for controller NLogExampleProject.Controllers.HomeController (NLogExampleProject)
2024-01-30 17:18:00.7278|DEBUG|Microsoft.AspNetCore.Mvc.Infrastructure.ControllerActionInvoker|Executed controller factory for controller NLogExampleProject.Controllers.HomeController (NLogExampleProject)
2024-01-30 17:18:01.0301|INFO|Microsoft.AspNetCore.Mvc.Infrastructure.ControllerActionInvoker|Executed action NLogExampleProject.Controllers.HomeController.Process (NLogExampleProject) in 310.443ms
