2024-01-30 16:53:39.4216|DEBUG|Microsoft.AspNetCore.Routing.DefaultLinkGenerator|Found the endpoints Route: {controller=Home}/{action=Process}/{id?} for address Microsoft.AspNetCore.Routing.RouteValuesAddress
2024-01-30 16:53:39.4347|DEBUG|Microsoft.AspNetCore.Routing.DefaultLinkGenerator|Successfully processed template {controller=Home}/{action=Process}/{id?} for Route: {controller=Home}/{action=Process}/{id?} resulting in /Home/Index and 
2024-01-30 16:53:39.4347|DEBUG|Microsoft.AspNetCore.Routing.DefaultLinkGenerator|Link generation succeeded for endpoints Route: {controller=Home}/{action=Process}/{id?} with result /Home/Index
2024-01-30 16:53:39.4347|DEBUG|Microsoft.AspNetCore.Routing.DefaultLinkGenerator|Found the endpoints Route: {controller=Home}/{action=Process}/{id?} for address Microsoft.AspNetCore.Routing.RouteValuesAddress
2024-01-30 16:53:39.4347|DEBUG|Microsoft.AspNetCore.Routing.DefaultLinkGenerator|Successfully processed template {controller=Home}/{action=Process}/{id?} for Route: {controller=Home}/{action=Process}/{id?} resulting in /Home/Index and 
2024-01-30 16:53:39.4347|DEBUG|Microsoft.AspNetCore.Routing.DefaultLinkGenerator|Link generation succeeded for endpoints Route: {controller=Home}/{action=Process}/{id?} with result /Home/Index
2024-01-30 16:53:39.4347|DEBUG|Microsoft.AspNetCore.Routing.DefaultLinkGenerator|Found the endpoints Route: {controller=Home}/{action=Process}/{id?} for address Microsoft.AspNetCore.Routing.RouteValuesAddress
2024-01-30 16:53:39.4347|DEBUG|Microsoft.AspNetCore.Routing.DefaultLinkGenerator|Successfully processed template {controller=Home}/{action=Process}/{id?} for Route: {controller=Home}/{action=Process}/{id?} resulting in /Home/Privacy and 
2024-01-30 16:53:39.4347|DEBUG|Microsoft.AspNetCore.Routing.DefaultLinkGenerator|Link generation succeeded for endpoints Route: {controller=Home}/{action=Process}/{id?} with result /Home/Privacy
2024-01-30 16:53:39.4347|DEBUG|Microsoft.AspNetCore.Routing.DefaultLinkGenerator|Found the endpoints Route: {controller=Home}/{action=Process}/{id?} for address Microsoft.AspNetCore.Routing.RouteValuesAddress
2024-01-30 16:53:39.4347|DEBUG|Microsoft.AspNetCore.Routing.DefaultLinkGenerator|Successfully processed template {controller=Home}/{action=Process}/{id?} for Route: {controller=Home}/{action=Process}/{id?} resulting in /Home/Privacy and 
2024-01-30 16:53:39.4347|DEBUG|Microsoft.AspNetCore.Routing.DefaultLinkGenerator|Link generation succeeded for endpoints Route: {controller=Home}/{action=Process}/{id?} with result /Home/Privacy
2024-01-30 16:59:32.3253|DEBUG|Microsoft.AspNetCore.Routing.DefaultLinkGenerator|Found the endpoints Route: {controller=Home}/{action=Process}/{id?} for address Microsoft.AspNetCore.Routing.RouteValuesAddress
2024-01-30 16:59:32.3363|DEBUG|Microsoft.AspNetCore.Routing.DefaultLinkGenerator|Successfully processed template {controller=Home}/{action=Process}/{id?} for Route: {controller=Home}/{action=Process}/{id?} resulting in /Home/Index and 
2024-01-30 16:59:32.3363|DEBUG|Microsoft.AspNetCore.Routing.DefaultLinkGenerator|Link generation succeeded for endpoints Route: {controller=Home}/{action=Process}/{id?} with result /Home/Index
2024-01-30 16:59:32.3363|DEBUG|Microsoft.AspNetCore.Routing.DefaultLinkGenerator|Found the endpoints Route: {controller=Home}/{action=Process}/{id?} for address Microsoft.AspNetCore.Routing.RouteValuesAddress
2024-01-30 16:59:32.3363|DEBUG|Microsoft.AspNetCore.Routing.DefaultLinkGenerator|Successfully processed template {controller=Home}/{action=Process}/{id?} for Route: {controller=Home}/{action=Process}/{id?} resulting in /Home/Index and 
2024-01-30 16:59:32.3363|DEBUG|Microsoft.AspNetCore.Routing.DefaultLinkGenerator|Link generation succeeded for endpoints Route: {controller=Home}/{action=Process}/{id?} with result /Home/Index
2024-01-30 16:59:32.3363|DEBUG|Microsoft.AspNetCore.Routing.DefaultLinkGenerator|Found the endpoints Route: {controller=Home}/{action=Process}/{id?} for address Microsoft.AspNetCore.Routing.RouteValuesAddress
2024-01-30 16:59:32.3363|DEBUG|Microsoft.AspNetCore.Routing.DefaultLinkGenerator|Successfully processed template {controller=Home}/{action=Process}/{id?} for Route: {controller=Home}/{action=Process}/{id?} resulting in /Home/Privacy and 
2024-01-30 16:59:32.3363|DEBUG|Microsoft.AspNetCore.Routing.DefaultLinkGenerator|Link generation succeeded for endpoints Route: {controller=Home}/{action=Process}/{id?} with result /Home/Privacy
2024-01-30 16:59:32.3363|DEBUG|Microsoft.AspNetCore.Routing.DefaultLinkGenerator|Found the endpoints Route: {controller=Home}/{action=Process}/{id?} for address Microsoft.AspNetCore.Routing.RouteValuesAddress
2024-01-30 16:59:32.3363|DEBUG|Microsoft.AspNetCore.Routing.DefaultLinkGenerator|Successfully processed template {controller=Home}/{action=Process}/{id?} for Route: {controller=Home}/{action=Process}/{id?} resulting in /Home/Privacy and 
2024-01-30 16:59:32.3363|DEBUG|Microsoft.AspNetCore.Routing.DefaultLinkGenerator|Link generation succeeded for endpoints Route: {controller=Home}/{action=Process}/{id?} with result /Home/Privacy
2024-01-30 17:05:58.2952|DEBUG|Microsoft.AspNetCore.Routing.DefaultLinkGenerator|Found the endpoints Route: {controller=Home}/{action=Process}/{id?} for address Microsoft.AspNetCore.Routing.RouteValuesAddress
2024-01-30 17:05:58.3049|DEBUG|Microsoft.AspNetCore.Routing.DefaultLinkGenerator|Successfully processed template {controller=Home}/{action=Process}/{id?} for Route: {controller=Home}/{action=Process}/{id?} resulting in /Home/Index and 
2024-01-30 17:05:58.3049|DEBUG|Microsoft.AspNetCore.Routing.DefaultLinkGenerator|Link generation succeeded for endpoints Route: {controller=Home}/{action=Process}/{id?} with result /Home/Index
2024-01-30 17:05:58.3049|DEBUG|Microsoft.AspNetCore.Routing.DefaultLinkGenerator|Found the endpoints Route: {controller=Home}/{action=Process}/{id?} for address Microsoft.AspNetCore.Routing.RouteValuesAddress
2024-01-30 17:05:58.3049|DEBUG|Microsoft.AspNetCore.Routing.DefaultLinkGenerator|Successfully processed template {controller=Home}/{action=Process}/{id?} for Route: {controller=Home}/{action=Process}/{id?} resulting in /Home/Index and 
2024-01-30 17:05:58.3049|DEBUG|Microsoft.AspNetCore.Routing.DefaultLinkGenerator|Link generation succeeded for endpoints Route: {controller=Home}/{action=Process}/{id?} with result /Home/Index
2024-01-30 17:05:58.3049|DEBUG|Microsoft.AspNetCore.Routing.DefaultLinkGenerator|Found the endpoints Route: {controller=Home}/{action=Process}/{id?} for address Microsoft.AspNetCore.Routing.RouteValuesAddress
2024-01-30 17:05:58.3049|DEBUG|Microsoft.AspNetCore.Routing.DefaultLinkGenerator|Successfully processed template {controller=Home}/{action=Process}/{id?} for Route: {controller=Home}/{action=Process}/{id?} resulting in /Home/Privacy and 
2024-01-30 17:05:58.3049|DEBUG|Microsoft.AspNetCore.Routing.DefaultLinkGenerator|Link generation succeeded for endpoints Route: {controller=Home}/{action=Process}/{id?} with result /Home/Privacy
2024-01-30 17:05:58.3420|DEBUG|Microsoft.AspNetCore.Routing.DefaultLinkGenerator|Found the endpoints Route: {controller=Home}/{action=Process}/{id?} for address Microsoft.AspNetCore.Routing.RouteValuesAddress
2024-01-30 17:05:58.3420|DEBUG|Microsoft.AspNetCore.Routing.DefaultLinkGenerator|Successfully processed template {controller=Home}/{action=Process}/{id?} for Route: {controller=Home}/{action=Process}/{id?} resulting in /Home/Privacy and 
2024-01-30 17:05:58.3420|DEBUG|Microsoft.AspNetCore.Routing.DefaultLinkGenerator|Link generation succeeded for endpoints Route: {controller=Home}/{action=Process}/{id?} with result /Home/Privacy
2024-01-30 17:07:41.8280|DEBUG|Microsoft.AspNetCore.Routing.DefaultLinkGenerator|Found the endpoints Route: {controller=Home}/{action=Process}/{id?} for address Microsoft.AspNetCore.Routing.RouteValuesAddress
2024-01-30 17:07:41.8407|DEBUG|Microsoft.AspNetCore.Routing.DefaultLinkGenerator|Successfully processed template {controller=Home}/{action=Process}/{id?} for Route: {controller=Home}/{action=Process}/{id?} resulting in /Home/Index and 
2024-01-30 17:07:41.8407|DEBUG|Microsoft.AspNetCore.Routing.DefaultLinkGenerator|Link generation succeeded for endpoints Route: {controller=Home}/{action=Process}/{id?} with result /Home/Index
2024-01-30 17:07:41.8407|DEBUG|Microsoft.AspNetCore.Routing.DefaultLinkGenerator|Found the endpoints Route: {controller=Home}/{action=Process}/{id?} for address Microsoft.AspNetCore.Routing.RouteValuesAddress
2024-01-30 17:07:41.8407|DEBUG|Microsoft.AspNetCore.Routing.DefaultLinkGenerator|Successfully processed template {controller=Home}/{action=Process}/{id?} for Route: {controller=Home}/{action=Process}/{id?} resulting in /Home/Index and 
2024-01-30 17:07:41.8407|DEBUG|Microsoft.AspNetCore.Routing.DefaultLinkGenerator|Link generation succeeded for endpoints Route: {controller=Home}/{action=Process}/{id?} with result /Home/Index
2024-01-30 17:07:41.8407|DEBUG|Microsoft.AspNetCore.Routing.DefaultLinkGenerator|Found the endpoints Route: {controller=Home}/{action=Process}/{id?} for address Microsoft.AspNetCore.Routing.RouteValuesAddress
2024-01-30 17:07:41.8407|DEBUG|Microsoft.AspNetCore.Routing.DefaultLinkGenerator|Successfully processed template {controller=Home}/{action=Process}/{id?} for Route: {controller=Home}/{action=Process}/{id?} resulting in /Home/Privacy and 
2024-01-30 17:07:41.8407|DEBUG|Microsoft.AspNetCore.Routing.DefaultLinkGenerator|Link generation succeeded for endpoints Route: {controller=Home}/{action=Process}/{id?} with result /Home/Privacy
2024-01-30 17:07:41.8407|DEBUG|Microsoft.AspNetCore.Routing.DefaultLinkGenerator|Found the endpoints Route: {controller=Home}/{action=Process}/{id?} for address Microsoft.AspNetCore.Routing.RouteValuesAddress
2024-01-30 17:07:41.8407|DEBUG|Microsoft.AspNetCore.Routing.DefaultLinkGenerator|Successfully processed template {controller=Home}/{action=Process}/{id?} for Route: {controller=Home}/{action=Process}/{id?} resulting in /Home/Privacy and 
2024-01-30 17:07:41.8407|DEBUG|Microsoft.AspNetCore.Routing.DefaultLinkGenerator|Link generation succeeded for endpoints Route: {controller=Home}/{action=Process}/{id?} with result /Home/Privacy
2024-01-30 17:08:25.0264|DEBUG|Microsoft.AspNetCore.Routing.DefaultLinkGenerator|Found the endpoints Route: {controller=Home}/{action=Process}/{id?} for address Microsoft.AspNetCore.Routing.RouteValuesAddress
2024-01-30 17:08:25.0517|DEBUG|Microsoft.AspNetCore.Routing.DefaultLinkGenerator|Successfully processed template {controller=Home}/{action=Process}/{id?} for Route: {controller=Home}/{action=Process}/{id?} resulting in /Home/Index and 
2024-01-30 17:08:25.0550|DEBUG|Microsoft.AspNetCore.Routing.DefaultLinkGenerator|Link generation succeeded for endpoints Route: {controller=Home}/{action=Process}/{id?} with result /Home/Index
2024-01-30 17:08:25.0550|DEBUG|Microsoft.AspNetCore.Routing.DefaultLinkGenerator|Found the endpoints Route: {controller=Home}/{action=Process}/{id?} for address Microsoft.AspNetCore.Routing.RouteValuesAddress
2024-01-30 17:08:25.0550|DEBUG|Microsoft.AspNetCore.Routing.DefaultLinkGenerator|Successfully processed template {controller=Home}/{action=Process}/{id?} for Route: {controller=Home}/{action=Process}/{id?} resulting in /Home/Index and 
2024-01-30 17:08:25.0550|DEBUG|Microsoft.AspNetCore.Routing.DefaultLinkGenerator|Link generation succeeded for endpoints Route: {controller=Home}/{action=Process}/{id?} with result /Home/Index
2024-01-30 17:08:25.0550|DEBUG|Microsoft.AspNetCore.Routing.DefaultLinkGenerator|Found the endpoints Route: {controller=Home}/{action=Process}/{id?} for address Microsoft.AspNetCore.Routing.RouteValuesAddress
2024-01-30 17:08:25.0550|DEBUG|Microsoft.AspNetCore.Routing.DefaultLinkGenerator|Successfully processed template {controller=Home}/{action=Process}/{id?} for Route: {controller=Home}/{action=Process}/{id?} resulting in /Home/Privacy and 
2024-01-30 17:08:25.0550|DEBUG|Microsoft.AspNetCore.Routing.DefaultLinkGenerator|Link generation succeeded for endpoints Route: {controller=Home}/{action=Process}/{id?} with result /Home/Privacy
2024-01-30 17:08:25.0550|DEBUG|Microsoft.AspNetCore.Routing.DefaultLinkGenerator|Found the endpoints Route: {controller=Home}/{action=Process}/{id?} for address Microsoft.AspNetCore.Routing.RouteValuesAddress
2024-01-30 17:08:25.0550|DEBUG|Microsoft.AspNetCore.Routing.DefaultLinkGenerator|Successfully processed template {controller=Home}/{action=Process}/{id?} for Route: {controller=Home}/{action=Process}/{id?} resulting in /Home/Privacy and 
2024-01-30 17:08:25.0550|DEBUG|Microsoft.AspNetCore.Routing.DefaultLinkGenerator|Link generation succeeded for endpoints Route: {controller=Home}/{action=Process}/{id?} with result /Home/Privacy
2024-01-30 17:18:00.8818|DEBUG|Microsoft.AspNetCore.Routing.DefaultLinkGenerator|Found the endpoints Route: {controller=Home}/{action=Process}/{id?} for address Microsoft.AspNetCore.Routing.RouteValuesAddress
2024-01-30 17:18:00.8918|DEBUG|Microsoft.AspNetCore.Routing.DefaultLinkGenerator|Successfully processed template {controller=Home}/{action=Process}/{id?} for Route: {controller=Home}/{action=Process}/{id?} resulting in /Home/Index and 
2024-01-30 17:18:00.8918|DEBUG|Microsoft.AspNetCore.Routing.DefaultLinkGenerator|Link generation succeeded for endpoints Route: {controller=Home}/{action=Process}/{id?} with result /Home/Index
2024-01-30 17:18:00.9000|DEBUG|Microsoft.AspNetCore.Routing.DefaultLinkGenerator|Found the endpoints Route: {controller=Home}/{action=Process}/{id?} for address Microsoft.AspNetCore.Routing.RouteValuesAddress
2024-01-30 17:18:00.9000|DEBUG|Microsoft.AspNetCore.Routing.DefaultLinkGenerator|Successfully processed template {controller=Home}/{action=Process}/{id?} for Route: {controller=Home}/{action=Process}/{id?} resulting in /Home/Index and 
2024-01-30 17:18:00.9000|DEBUG|Microsoft.AspNetCore.Routing.DefaultLinkGenerator|Link generation succeeded for endpoints Route: {controller=Home}/{action=Process}/{id?} with result /Home/Index
2024-01-30 17:18:00.9000|DEBUG|Microsoft.AspNetCore.Routing.DefaultLinkGenerator|Found the endpoints Route: {controller=Home}/{action=Process}/{id?} for address Microsoft.AspNetCore.Routing.RouteValuesAddress
2024-01-30 17:18:00.9000|DEBUG|Microsoft.AspNetCore.Routing.DefaultLinkGenerator|Successfully processed template {controller=Home}/{action=Process}/{id?} for Route: {controller=Home}/{action=Process}/{id?} resulting in /Home/Privacy and 
2024-01-30 17:18:00.9000|DEBUG|Microsoft.AspNetCore.Routing.DefaultLinkGenerator|Link generation succeeded for endpoints Route: {controller=Home}/{action=Process}/{id?} with result /Home/Privacy
2024-01-30 17:18:00.9000|DEBUG|Microsoft.AspNetCore.Routing.DefaultLinkGenerator|Found the endpoints Route: {controller=Home}/{action=Process}/{id?} for address Microsoft.AspNetCore.Routing.RouteValuesAddress
2024-01-30 17:18:00.9000|DEBUG|Microsoft.AspNetCore.Routing.DefaultLinkGenerator|Successfully processed template {controller=Home}/{action=Process}/{id?} for Route: {controller=Home}/{action=Process}/{id?} resulting in /Home/Privacy and 
2024-01-30 17:18:00.9000|DEBUG|Microsoft.AspNetCore.Routing.DefaultLinkGenerator|Link generation succeeded for endpoints Route: {controller=Home}/{action=Process}/{id?} with result /Home/Privacy
