2024-01-30 16:51:18.6080|DEBUG|Microsoft.AspNetCore.Server.Kestrel.Connections|Connection id "0HN11I8JIT2S7" accepted.
2024-01-30 16:51:18.6255|DEBUG|Microsoft.AspNetCore.Server.Kestrel.Connections|Connection id "0HN11I8JIT2S8" accepted.
2024-01-30 16:51:18.6395|DEBUG|Microsoft.AspNetCore.Server.Kestrel.Connections|Connection id "0HN11I8JIT2S8" started.
2024-01-30 16:51:18.6395|DEBUG|Microsoft.AspNetCore.Server.Kestrel.Connections|Connection id "0HN11I8JIT2S7" started.
2024-01-30 16:51:18.7707|DEBUG|Microsoft.AspNetCore.Server.Kestrel.Connections|Connection id "0HN11I8JIT2S7" stopped.
2024-01-30 16:51:18.7707|DEBUG|Microsoft.AspNetCore.Server.Kestrel.Connections|Connection id "0HN11I8JIT2S8" stopped.
2024-01-30 16:51:20.5836|DEBUG|Microsoft.AspNetCore.Server.Kestrel.Connections|Connection id "0HN11I8JIT2S9" accepted.
2024-01-30 16:51:20.5888|DEBUG|Microsoft.AspNetCore.Server.Kestrel.Connections|Connection id "0HN11I8JIT2SA" accepted.
2024-01-30 16:51:20.6177|DEBUG|Microsoft.AspNetCore.Server.Kestrel.Connections|Connection id "0HN11I8JIT2SA" started.
2024-01-30 16:51:20.6177|DEBUG|Microsoft.AspNetCore.Server.Kestrel.Connections|Connection id "0HN11I8JIT2S9" started.
2024-01-30 16:51:22.8230|DEBUG|Microsoft.AspNetCore.Server.Kestrel.Connections|Connection id "0HN11I8JIT2SA" stopped.
2024-01-30 16:51:22.8230|DEBUG|Microsoft.AspNetCore.Server.Kestrel.Connections|Connection id "0HN11I8JIT2S9" stopped.
2024-01-30 16:53:37.9059|DEBUG|Microsoft.AspNetCore.Server.Kestrel.Connections|Connection id "0HN11I9T3ALA6" accepted.
2024-01-30 16:53:37.9059|DEBUG|Microsoft.AspNetCore.Server.Kestrel.Connections|Connection id "0HN11I9T3ALA5" accepted.
2024-01-30 16:53:37.9059|DEBUG|Microsoft.AspNetCore.Server.Kestrel.Connections|Connection id "0HN11I9T3ALA6" started.
2024-01-30 16:53:37.9059|DEBUG|Microsoft.AspNetCore.Server.Kestrel.Connections|Connection id "0HN11I9T3ALA5" started.
2024-01-30 16:53:38.2889|DEBUG|Microsoft.AspNetCore.Server.Kestrel.Connections|Connection id "0HN11I9T3ALA5" stopped.
2024-01-30 16:53:38.2889|DEBUG|Microsoft.AspNetCore.Server.Kestrel.Connections|Connection id "0HN11I9T3ALA6" stopped.
2024-01-30 16:53:38.4883|DEBUG|Microsoft.AspNetCore.Server.Kestrel.Connections|Connection id "0HN11I9T3ALA7" accepted.
2024-01-30 16:53:38.4883|DEBUG|Microsoft.AspNetCore.Server.Kestrel.Connections|Connection id "0HN11I9T3ALA7" started.
2024-01-30 16:53:43.0559|DEBUG|Microsoft.AspNetCore.Server.Kestrel.Connections|Connection id "0HN11I9T3ALA7" stopped.
2024-01-30 16:54:28.5261|DEBUG|Microsoft.AspNetCore.Server.Kestrel.Connections|Connection id "0HN11IAC61V2I" accepted.
2024-01-30 16:54:28.5397|DEBUG|Microsoft.AspNetCore.Server.Kestrel.Connections|Connection id "0HN11IAC61V2I" started.
2024-01-30 16:54:28.7499|DEBUG|Microsoft.AspNetCore.Server.Kestrel.Connections|Connection id "0HN11IAC61V2I" stopped.
2024-01-30 16:54:30.6838|DEBUG|Microsoft.AspNetCore.Server.Kestrel.Connections|Connection id "0HN11IAC61V2J" accepted.
2024-01-30 16:54:30.6838|DEBUG|Microsoft.AspNetCore.Server.Kestrel.Connections|Connection id "0HN11IAC61V2J" started.
2024-01-30 16:59:30.7141|DEBUG|Microsoft.AspNetCore.Server.Kestrel.Connections|Connection id "0HN11ID67V2N1" accepted.
2024-01-30 16:59:30.7141|DEBUG|Microsoft.AspNetCore.Server.Kestrel.Connections|Connection id "0HN11ID67V2N0" accepted.
2024-01-30 16:59:30.7141|DEBUG|Microsoft.AspNetCore.Server.Kestrel.Connections|Connection id "0HN11ID67V2N1" started.
2024-01-30 16:59:30.7141|DEBUG|Microsoft.AspNetCore.Server.Kestrel.Connections|Connection id "0HN11ID67V2N0" started.
2024-01-30 16:59:31.1548|DEBUG|Microsoft.AspNetCore.Server.Kestrel.Connections|Connection id "0HN11ID67V2N1" stopped.
2024-01-30 16:59:31.1548|DEBUG|Microsoft.AspNetCore.Server.Kestrel.Connections|Connection id "0HN11ID67V2N0" stopped.
2024-01-30 16:59:31.2954|DEBUG|Microsoft.AspNetCore.Server.Kestrel.Connections|Connection id "0HN11ID67V2N2" accepted.
2024-01-30 16:59:31.3232|DEBUG|Microsoft.AspNetCore.Server.Kestrel.Connections|Connection id "0HN11ID67V2N2" started.
2024-01-30 16:59:33.6102|DEBUG|Microsoft.AspNetCore.Server.Kestrel.Connections|Connection id "0HN11ID67V2N2" stopped.
2024-01-30 17:05:56.9305|DEBUG|Microsoft.AspNetCore.Server.Kestrel.Connections|Connection id "0HN11IGPB4EGN" accepted.
2024-01-30 17:05:56.9305|DEBUG|Microsoft.AspNetCore.Server.Kestrel.Connections|Connection id "0HN11IGPB4EGM" accepted.
2024-01-30 17:05:56.9305|DEBUG|Microsoft.AspNetCore.Server.Kestrel.Connections|Connection id "0HN11IGPB4EGN" started.
2024-01-30 17:05:56.9483|DEBUG|Microsoft.AspNetCore.Server.Kestrel.Connections|Connection id "0HN11IGPB4EGM" started.
2024-01-30 17:05:56.9980|DEBUG|Microsoft.AspNetCore.Server.Kestrel.Connections|Connection id "0HN11IGPB4EGM" stopped.
2024-01-30 17:05:56.9980|DEBUG|Microsoft.AspNetCore.Server.Kestrel.Connections|Connection id "0HN11IGPB4EGN" stopped.
2024-01-30 17:05:57.1228|DEBUG|Microsoft.AspNetCore.Server.Kestrel.Connections|Connection id "0HN11IGPB4EGO" accepted.
2024-01-30 17:05:57.1584|DEBUG|Microsoft.AspNetCore.Server.Kestrel.Connections|Connection id "0HN11IGPB4EGO" started.
2024-01-30 17:05:59.6026|DEBUG|Microsoft.AspNetCore.Server.Kestrel.Connections|Connection id "0HN11IGPB4EGO" stopped.
2024-01-30 17:07:41.4671|DEBUG|Microsoft.AspNetCore.Server.Kestrel.Connections|Connection id "0HN11IHOG4VVF" accepted.
2024-01-30 17:07:41.4671|DEBUG|Microsoft.AspNetCore.Server.Kestrel.Connections|Connection id "0HN11IHOG4VVG" accepted.
2024-01-30 17:07:41.4671|DEBUG|Microsoft.AspNetCore.Server.Kestrel.Connections|Connection id "0HN11IHOG4VVF" started.
2024-01-30 17:07:41.4671|DEBUG|Microsoft.AspNetCore.Server.Kestrel.Connections|Connection id "0HN11IHOG4VVG" started.
2024-01-30 17:07:41.5441|DEBUG|Microsoft.AspNetCore.Server.Kestrel.Connections|Connection id "0HN11IHOG4VVG" stopped.
2024-01-30 17:07:41.5441|DEBUG|Microsoft.AspNetCore.Server.Kestrel.Connections|Connection id "0HN11IHOG4VVF" stopped.
2024-01-30 17:07:41.5935|DEBUG|Microsoft.AspNetCore.Server.Kestrel.Connections|Connection id "0HN11IHOG4VVH" accepted.
2024-01-30 17:07:41.5935|DEBUG|Microsoft.AspNetCore.Server.Kestrel.Connections|Connection id "0HN11IHOG4VVH" started.
2024-01-30 17:07:44.3497|DEBUG|Microsoft.AspNetCore.Server.Kestrel.Connections|Connection id "0HN11IHOG4VVH" stopped.
2024-01-30 17:08:09.3910|DEBUG|Microsoft.AspNetCore.Server.Kestrel.Connections|Connection id "0HN11II0QEHLO" accepted.
2024-01-30 17:08:09.3910|DEBUG|Microsoft.AspNetCore.Server.Kestrel.Connections|Connection id "0HN11II0QEHLN" accepted.
2024-01-30 17:08:09.3910|DEBUG|Microsoft.AspNetCore.Server.Kestrel.Connections|Connection id "0HN11II0QEHLN" started.
2024-01-30 17:08:09.3910|DEBUG|Microsoft.AspNetCore.Server.Kestrel.Connections|Connection id "0HN11II0QEHLO" started.
2024-01-30 17:08:09.4441|DEBUG|Microsoft.AspNetCore.Server.Kestrel.Connections|Connection id "0HN11II0QEHLN" stopped.
2024-01-30 17:08:09.4441|DEBUG|Microsoft.AspNetCore.Server.Kestrel.Connections|Connection id "0HN11II0QEHLO" stopped.
2024-01-30 17:08:23.2384|DEBUG|Microsoft.AspNetCore.Server.Kestrel.Connections|Connection id "0HN11II0QEHLP" accepted.
2024-01-30 17:08:23.2428|DEBUG|Microsoft.AspNetCore.Server.Kestrel.Connections|Connection id "0HN11II0QEHLP" started.
2024-01-30 17:08:23.2428|DEBUG|Microsoft.AspNetCore.Server.Kestrel.Connections|Connection id "0HN11II0QEHLP" stopped.
2024-01-30 17:08:23.4389|DEBUG|Microsoft.AspNetCore.Server.Kestrel.Connections|Connection id "0HN11II0QEHLQ" accepted.
2024-01-30 17:08:23.4476|DEBUG|Microsoft.AspNetCore.Server.Kestrel.Connections|Connection id "0HN11II0QEHLQ" started.
2024-01-30 17:08:29.4042|DEBUG|Microsoft.AspNetCore.Server.Kestrel.Connections|Connection id "0HN11II0QEHLQ" stopped.
2024-01-30 17:17:59.6598|DEBUG|Microsoft.AspNetCore.Server.Kestrel.Connections|Connection id "0HN11INGNLP6J" accepted.
2024-01-30 17:17:59.6963|DEBUG|Microsoft.AspNetCore.Server.Kestrel.Connections|Connection id "0HN11INGNLP6K" accepted.
2024-01-30 17:17:59.6963|DEBUG|Microsoft.AspNetCore.Server.Kestrel.Connections|Connection id "0HN11INGNLP6K" started.
2024-01-30 17:17:59.6963|DEBUG|Microsoft.AspNetCore.Server.Kestrel.Connections|Connection id "0HN11INGNLP6J" started.
2024-01-30 17:17:59.7678|DEBUG|Microsoft.AspNetCore.Server.Kestrel.Connections|Connection id "0HN11INGNLP6J" stopped.
2024-01-30 17:17:59.7678|DEBUG|Microsoft.AspNetCore.Server.Kestrel.Connections|Connection id "0HN11INGNLP6K" stopped.
2024-01-30 17:17:59.8707|DEBUG|Microsoft.AspNetCore.Server.Kestrel.Connections|Connection id "0HN11INGNLP6L" accepted.
2024-01-30 17:17:59.8707|DEBUG|Microsoft.AspNetCore.Server.Kestrel.Connections|Connection id "0HN11INGNLP6L" started.
2024-01-30 17:18:05.4653|DEBUG|Microsoft.AspNetCore.Server.Kestrel.Connections|Connection id "0HN11INGNLP6L" stopped.
