2024-01-30 16:51:18.2014|INFO|Microsoft.Hosting.Lifetime|Now listening on: https://localhost:7251
2024-01-30 16:51:18.2014|INFO|Microsoft.Hosting.Lifetime|Now listening on: http://localhost:5224
2024-01-30 16:51:18.2014|INFO|Microsoft.Hosting.Lifetime|Application started. Press Ctrl+C to shut down.
2024-01-30 16:51:18.2014|INFO|Microsoft.Hosting.Lifetime|Hosting environment: Development
2024-01-30 16:51:18.2014|INFO|Microsoft.Hosting.Lifetime|Content root path: C:\Users\User\Desktop\RNET103\Labs\NLogExampleProject\
2024-01-30 16:53:37.4392|INFO|Microsoft.Hosting.Lifetime|Now listening on: https://localhost:7251
2024-01-30 16:53:37.4392|INFO|Microsoft.Hosting.Lifetime|Now listening on: http://localhost:5224
2024-01-30 16:53:37.4392|INFO|Microsoft.Hosting.Lifetime|Application started. Press Ctrl+C to shut down.
2024-01-30 16:53:37.4392|INFO|Microsoft.Hosting.Lifetime|Hosting environment: Development
2024-01-30 16:53:37.4392|INFO|Microsoft.Hosting.Lifetime|Content root path: C:\Users\User\Desktop\RNET103\Labs\NLogExampleProject\
2024-01-30 16:54:28.3501|INFO|Microsoft.Hosting.Lifetime|Now listening on: https://localhost:7251
2024-01-30 16:54:28.3615|INFO|Microsoft.Hosting.Lifetime|Now listening on: http://localhost:5224
2024-01-30 16:54:28.3708|INFO|Microsoft.Hosting.Lifetime|Application started. Press Ctrl+C to shut down.
2024-01-30 16:54:28.3708|INFO|Microsoft.Hosting.Lifetime|Hosting environment: Development
2024-01-30 16:54:28.3708|INFO|Microsoft.Hosting.Lifetime|Content root path: C:\Users\User\Desktop\RNET103\Labs\NLogExampleProject\
2024-01-30 16:59:30.6729|INFO|Microsoft.Hosting.Lifetime|Now listening on: https://localhost:7251
2024-01-30 16:59:30.6729|INFO|Microsoft.Hosting.Lifetime|Now listening on: http://localhost:5224
2024-01-30 16:59:30.6820|INFO|Microsoft.Hosting.Lifetime|Application started. Press Ctrl+C to shut down.
2024-01-30 16:59:30.6820|INFO|Microsoft.Hosting.Lifetime|Hosting environment: Development
2024-01-30 16:59:30.6820|INFO|Microsoft.Hosting.Lifetime|Content root path: C:\Users\User\Desktop\RNET103\Labs\NLogExampleProject\
2024-01-30 17:05:56.8763|INFO|Microsoft.Hosting.Lifetime|Now listening on: https://localhost:7251
2024-01-30 17:05:56.8835|INFO|Microsoft.Hosting.Lifetime|Now listening on: http://localhost:5224
2024-01-30 17:05:56.8835|INFO|Microsoft.Hosting.Lifetime|Application started. Press Ctrl+C to shut down.
2024-01-30 17:05:56.8835|INFO|Microsoft.Hosting.Lifetime|Hosting environment: Development
2024-01-30 17:05:56.8835|INFO|Microsoft.Hosting.Lifetime|Content root path: C:\Users\User\Desktop\RNET103\Labs\NLogExampleProject\
2024-01-30 17:07:41.3925|INFO|Microsoft.Hosting.Lifetime|Now listening on: https://localhost:7251
2024-01-30 17:07:41.3925|INFO|Microsoft.Hosting.Lifetime|Now listening on: http://localhost:5224
2024-01-30 17:07:41.3925|INFO|Microsoft.Hosting.Lifetime|Application started. Press Ctrl+C to shut down.
2024-01-30 17:07:41.3925|INFO|Microsoft.Hosting.Lifetime|Hosting environment: Development
2024-01-30 17:07:41.3925|INFO|Microsoft.Hosting.Lifetime|Content root path: C:\Users\User\Desktop\RNET103\Labs\NLogExampleProject\
2024-01-30 17:08:09.2007|INFO|Microsoft.Hosting.Lifetime|Now listening on: https://localhost:7251
2024-01-30 17:08:09.2007|INFO|Microsoft.Hosting.Lifetime|Now listening on: http://localhost:5224
2024-01-30 17:08:09.2007|INFO|Microsoft.Hosting.Lifetime|Application started. Press Ctrl+C to shut down.
2024-01-30 17:08:09.2007|INFO|Microsoft.Hosting.Lifetime|Hosting environment: Development
2024-01-30 17:08:09.2007|INFO|Microsoft.Hosting.Lifetime|Content root path: C:\Users\User\Desktop\RNET103\Labs\NLogExampleProject\
2024-01-30 17:17:59.5201|INFO|Microsoft.Hosting.Lifetime|Now listening on: https://localhost:7251
2024-01-30 17:17:59.5201|INFO|Microsoft.Hosting.Lifetime|Now listening on: http://localhost:5224
2024-01-30 17:17:59.5258|INFO|Microsoft.Hosting.Lifetime|Application started. Press Ctrl+C to shut down.
2024-01-30 17:17:59.5258|INFO|Microsoft.Hosting.Lifetime|Hosting environment: Development
2024-01-30 17:17:59.5258|INFO|Microsoft.Hosting.Lifetime|Content root path: C:\Users\User\Desktop\RNET103\Labs\NLogExampleProject\
