2024-01-30 18:00:34.1167|DEBUG|Microsoft.AspNetCore.Routing.DefaultLinkGenerator|Found the endpoints Route: {controller=Home}/{action=Process}/{id?} for address Microsoft.AspNetCore.Routing.RouteValuesAddress
2024-01-30 18:00:34.1317|DEBUG|Microsoft.AspNetCore.Routing.DefaultLinkGenerator|Successfully processed template {controller=Home}/{action=Process}/{id?} for Route: {controller=Home}/{action=Process}/{id?} resulting in /Home/Index and 
2024-01-30 18:00:34.1317|DEBUG|Microsoft.AspNetCore.Routing.DefaultLinkGenerator|Link generation succeeded for endpoints Route: {controller=Home}/{action=Process}/{id?} with result /Home/Index
2024-01-30 18:00:34.1392|DEBUG|Microsoft.AspNetCore.Routing.DefaultLinkGenerator|Found the endpoints Route: {controller=Home}/{action=Process}/{id?} for address Microsoft.AspNetCore.Routing.RouteValuesAddress
2024-01-30 18:00:34.1392|DEBUG|Microsoft.AspNetCore.Routing.DefaultLinkGenerator|Successfully processed template {controller=Home}/{action=Process}/{id?} for Route: {controller=Home}/{action=Process}/{id?} resulting in /Home/Index and 
2024-01-30 18:00:34.1392|DEBUG|Microsoft.AspNetCore.Routing.DefaultLinkGenerator|Link generation succeeded for endpoints Route: {controller=Home}/{action=Process}/{id?} with result /Home/Index
2024-01-30 18:00:34.1392|DEBUG|Microsoft.AspNetCore.Routing.DefaultLinkGenerator|Found the endpoints Route: {controller=Home}/{action=Process}/{id?} for address Microsoft.AspNetCore.Routing.RouteValuesAddress
2024-01-30 18:00:34.1392|DEBUG|Microsoft.AspNetCore.Routing.DefaultLinkGenerator|Successfully processed template {controller=Home}/{action=Process}/{id?} for Route: {controller=Home}/{action=Process}/{id?} resulting in /Home/Privacy and 
2024-01-30 18:00:34.1392|DEBUG|Microsoft.AspNetCore.Routing.DefaultLinkGenerator|Link generation succeeded for endpoints Route: {controller=Home}/{action=Process}/{id?} with result /Home/Privacy
2024-01-30 18:00:34.1392|DEBUG|Microsoft.AspNetCore.Routing.DefaultLinkGenerator|Found the endpoints Route: {controller=Home}/{action=Process}/{id?} for address Microsoft.AspNetCore.Routing.RouteValuesAddress
2024-01-30 18:00:34.1392|DEBUG|Microsoft.AspNetCore.Routing.DefaultLinkGenerator|Successfully processed template {controller=Home}/{action=Process}/{id?} for Route: {controller=Home}/{action=Process}/{id?} resulting in /Home/Privacy and 
2024-01-30 18:00:34.1392|DEBUG|Microsoft.AspNetCore.Routing.DefaultLinkGenerator|Link generation succeeded for endpoints Route: {controller=Home}/{action=Process}/{id?} with result /Home/Privacy
2024-01-30 18:57:26.7465|DEBUG|Microsoft.AspNetCore.Routing.DefaultLinkGenerator|Found the endpoints Route: {controller=Home}/{action=Process}/{id?} for address Microsoft.AspNetCore.Routing.RouteValuesAddress
2024-01-30 18:57:26.7711|DEBUG|Microsoft.AspNetCore.Routing.DefaultLinkGenerator|Successfully processed template {controller=Home}/{action=Process}/{id?} for Route: {controller=Home}/{action=Process}/{id?} resulting in /Home/Index and 
2024-01-30 18:57:26.7813|DEBUG|Microsoft.AspNetCore.Routing.DefaultLinkGenerator|Link generation succeeded for endpoints Route: {controller=Home}/{action=Process}/{id?} with result /Home/Index
2024-01-30 18:57:26.7813|DEBUG|Microsoft.AspNetCore.Routing.DefaultLinkGenerator|Found the endpoints Route: {controller=Home}/{action=Process}/{id?} for address Microsoft.AspNetCore.Routing.RouteValuesAddress
2024-01-30 18:57:26.7813|DEBUG|Microsoft.AspNetCore.Routing.DefaultLinkGenerator|Successfully processed template {controller=Home}/{action=Process}/{id?} for Route: {controller=Home}/{action=Process}/{id?} resulting in /Home/Index and 
2024-01-30 18:57:26.7813|DEBUG|Microsoft.AspNetCore.Routing.DefaultLinkGenerator|Link generation succeeded for endpoints Route: {controller=Home}/{action=Process}/{id?} with result /Home/Index
2024-01-30 18:57:26.7813|DEBUG|Microsoft.AspNetCore.Routing.DefaultLinkGenerator|Found the endpoints Route: {controller=Home}/{action=Process}/{id?} for address Microsoft.AspNetCore.Routing.RouteValuesAddress
2024-01-30 18:57:26.7813|DEBUG|Microsoft.AspNetCore.Routing.DefaultLinkGenerator|Successfully processed template {controller=Home}/{action=Process}/{id?} for Route: {controller=Home}/{action=Process}/{id?} resulting in /Home/Privacy and 
2024-01-30 18:57:26.7813|DEBUG|Microsoft.AspNetCore.Routing.DefaultLinkGenerator|Link generation succeeded for endpoints Route: {controller=Home}/{action=Process}/{id?} with result /Home/Privacy
2024-01-30 18:57:26.7813|DEBUG|Microsoft.AspNetCore.Routing.DefaultLinkGenerator|Found the endpoints Route: {controller=Home}/{action=Process}/{id?} for address Microsoft.AspNetCore.Routing.RouteValuesAddress
2024-01-30 18:57:26.7813|DEBUG|Microsoft.AspNetCore.Routing.DefaultLinkGenerator|Successfully processed template {controller=Home}/{action=Process}/{id?} for Route: {controller=Home}/{action=Process}/{id?} resulting in /Home/Privacy and 
2024-01-30 18:57:26.7813|DEBUG|Microsoft.AspNetCore.Routing.DefaultLinkGenerator|Link generation succeeded for endpoints Route: {controller=Home}/{action=Process}/{id?} with result /Home/Privacy
